-------------------------------------------------------------------------------
Test set: TestSuite
-------------------------------------------------------------------------------
Tests run: 2, Failures: 1, Errors: 0, Skipped: 0, Time elapsed: 27.529 s <<< FAILURE! - in TestSuite
com.test.seleniumTest.SeleniumTest.test2  Time elapsed: 0.008 s  <<< FAILURE!
java.lang.AssertionError: numbers don't add up expected [2] but found [1]
	at com.test.seleniumTest.SeleniumTest.test2(SeleniumTest.java:62)

